14:15:34.529 skipping bootstrap configuration: could not find or read file: classpath:karate-config.js
14:15:34.573 [print] [
  {
    "name": "Tom",
    "city": "Banglore",
    "age": 25
  },
  {
    "name": "Prajwal",
    "city": "New Delhi",
    "age": 26
  }
]

14:15:34.575 [print] [
  {
    "name": "Tom",
    "city": "Banglore",
    "age": 25
  },
  {
    "name": "Prajwal",
    "city": "New Delhi",
    "age": 26
  }
]

14:15:34.605 [print] {
  "name": "Tom",
  "city": "Banglore",
  "age": 25
}

14:15:34.611 [print] {
  "name": "Prajwal",
  "city": "New Delhi",
  "age": 26
}

14:15:34.620 [print] Tom
14:15:34.626 [print] Prajwal
